0;400480;\x31\xed;xor ebp, ebp
1;400482;\x49\x89\xd1;mov r9, rdx
2;400485;\x5e;pop rsi
3;400486;\x48\x89\xe2;mov rdx, rsp
4;400489;\x48\x83\xe4\xf0;and rsp, 0xfffffffffffffff0
5;40048d;\x50;push rax
6;40048e;\x54;push rsp
7;40048f;\x49\xc7\xc0\x90\x07\x40\x00;mov r8, 0x400790
8;400496;\x48\xc7\xc1\x20\x07\x40\x00;mov rcx, 0x400720
9;40049d;\x48\xc7\xc7\xa0\x06\x40\x00;mov rdi, 0x4006a0
10;4004a4;\xff\x15\x46\x0b\x20\x00;call qword ptr [rip+0x200b46]
11;400720;\x41\x57;push r15
12;400722;\x41\x56;push r14
13;400724;\x49\x89\xd7;mov r15, rdx
14;400727;\x41\x55;push r13
15;400729;\x41\x54;push r12
16;40072b;\x4c\x8d\x25\xce\x06\x20\x00;lea r12, ptr [rip+0x2006ce]
17;400732;\x55;push rbp
18;400733;\x48\x8d\x2d\xce\x06\x20\x00;lea rbp, ptr [rip+0x2006ce]
19;40073a;\x53;push rbx
20;40073b;\x41\x89\xfd;mov r13d, edi
21;40073e;\x49\x89\xf6;mov r14, rsi
22;400741;\x4c\x29\xe5;sub rbp, r12
23;400744;\x48\x83\xec\x08;sub rsp, 0x8
24;400748;\x48\xc1\xfd\x03;sar rbp, 0x3
25;40074c;\xe8\xdf\xfc\xff\xff;call 0x400430
26;400430;\x48\x83\xec\x08;sub rsp, 0x8
27;400434;\x48\x8b\x05\xbd\x0b\x20\x00;mov rax, qword ptr [rip+0x200bbd]
28;40043b;\x48\x85\xc0;test rax, rax
29;40043e;\x74\x02;jz 0x400442
30;400442;\x48\x83\xc4\x08;add rsp, 0x8
31;400446;\xc3;ret 
32;400751;\x48\x85\xed;test rbp, rbp
33;400754;\x74\x20;jz 0x400776
34;400756;\x31\xdb;xor ebx, ebx
35;400758;\x0f\x1f\x84\x00\x00\x00\x00\x00;nop dword ptr [rax+rax*1], eax
36;400760;\x4c\x89\xfa;mov rdx, r15
37;400763;\x4c\x89\xf6;mov rsi, r14
38;400766;\x44\x89\xef;mov edi, r13d
39;400769;\x41\xff\x14\xdc;call qword ptr [r12+rbx*8]
40;400560;\x55;push rbp
41;400561;\x48\x89\xe5;mov rbp, rsp
42;400564;\x5d;pop rbp
43;400565;\xeb\x89;jmp 0x4004f0
44;4004f0;\xbe\x38\x10\x60\x00;mov esi, 0x601038
45;4004f5;\x55;push rbp
46;4004f6;\x48\x81\xee\x38\x10\x60\x00;sub rsi, 0x601038
47;4004fd;\x48\x89\xe5;mov rbp, rsp
48;400500;\x48\xc1\xfe\x03;sar rsi, 0x3
49;400504;\x48\x89\xf0;mov rax, rsi
50;400507;\x48\xc1\xe8\x3f;shr rax, 0x3f
51;40050b;\x48\x01\xc6;add rsi, rax
52;40050e;\x48\xd1\xfe;sar rsi, 0x1
53;400511;\x74\x15;jz 0x400528
54;400528;\x5d;pop rbp
55;400529;\xc3;ret 
56;40076d;\x48\x83\xc3\x01;add rbx, 0x1
57;400771;\x48\x39\xdd;cmp rbp, rbx
58;400774;\x75\xea;jnz 0x400760
59;400776;\x48\x83\xc4\x08;add rsp, 0x8
60;40077a;\x5b;pop rbx
61;40077b;\x5d;pop rbp
62;40077c;\x41\x5c;pop r12
63;40077e;\x41\x5d;pop r13
64;400780;\x41\x5e;pop r14
65;400782;\x41\x5f;pop r15
66;400784;\xc3;ret 
67;4006a0;\x55;push rbp
68;4006a1;\x48\x89\xe5;mov rbp, rsp
69;4006a4;\x48\x83\xec\x20;sub rsp, 0x20
70;4006a8;\x48\xbf\xa4\x07\x40\x00\x00\x00\x00\x00;mov rdi, 0x4007a4
71;4006b2;\x48\x8d\x75\xfb;lea rsi, ptr [rbp-0x5]
72;4006b6;\xc7\x45\xfc\x00\x00\x00\x00;mov dword ptr [rbp-0x4], 0x0
73;4006bd;\xb0\x00;mov al, 0x0
74;4006bf;\xe8\xac\xfd\xff\xff;call 0x400470
75;400470;\xff\x25\xaa\x0b\x20\x00;jmp qword ptr [rip+0x200baa]
76;400476;\x68\x01\x00\x00\x00;push 0x1
77;40047b;\xe9\xd0\xff\xff\xff;jmp 0x400450
78;400450;\xff\x35\xb2\x0b\x20\x00;push qword ptr [rip+0x200bb2]
79;400456;\xff\x25\xb4\x0b\x20\x00;jmp qword ptr [rip+0x200bb4]
80;4006c4;\x0f\xb6\x7d\xfb;movzx edi, byte ptr [rbp-0x5]
81;4006c8;\x89\x45\xf0;mov dword ptr [rbp-0x10], eax
82;4006cb;\xe8\xa0\xfe\xff\xff;call 0x400570
83;400570;\x55;push rbp
84;400571;\x48\x89\xe5;mov rbp, rsp
85;400574;\x40\x88\xf8;mov al, dil
86;400577;\x88\x45\xff;mov byte ptr [rbp-0x1], al
87;40057a;\xc6\x45\xfe\xaa;mov byte ptr [rbp-0x2], 0xaa
88;40057e;\x0f\xb6\x7d\xff;movzx edi, byte ptr [rbp-0x1]
89;400582;\x0f\xb6\x4d\xfe;movzx ecx, byte ptr [rbp-0x2]
90;400586;\x21\xcf;and edi, ecx
91;400588;\x40\x88\xf8;mov al, dil
92;40058b;\x0f\xb6\xc0;movzx eax, al
93;40058e;\x5d;pop rbp
94;40058f;\xc3;ret 
95;4006d0;\x88\x45\xfa;mov byte ptr [rbp-0x6], al
96;4006d3;\x0f\xb6\x7d\xfb;movzx edi, byte ptr [rbp-0x5]
97;4006d7;\xe8\xb4\xfe\xff\xff;call 0x400590
98;400590;\x55;push rbp
99;400591;\x48\x89\xe5;mov rbp, rsp
100;400594;\x40\x88\xf8;mov al, dil
101;400597;\x88\x45\xff;mov byte ptr [rbp-0x1], al
102;40059a;\xc6\x45\xfe\x55;mov byte ptr [rbp-0x2], 0x55
103;40059e;\x0f\xb6\x7d\xff;movzx edi, byte ptr [rbp-0x1]
104;4005a2;\x0f\xb6\x4d\xfe;movzx ecx, byte ptr [rbp-0x2]
105;4005a6;\x21\xcf;and edi, ecx
106;4005a8;\x40\x88\xf8;mov al, dil
107;4005ab;\x0f\xb6\xc0;movzx eax, al
108;4005ae;\x5d;pop rbp
109;4005af;\xc3;ret 
110;4006dc;\x88\x45\xf9;mov byte ptr [rbp-0x7], al
111;4006df;\x8a\x45\xfb;mov al, byte ptr [rbp-0x5]
112;4006e2;\x8a\x4d\xfa;mov cl, byte ptr [rbp-0x6]
113;4006e5;\x0f\xb6\xf8;movzx edi, al
114;4006e8;\x0f\xb6\xf1;movzx esi, cl
115;4006eb;\x0f\xb6\x55\xf9;movzx edx, byte ptr [rbp-0x7]
116;4006ef;\xe8\xbc\xfe\xff\xff;call 0x4005b0
117;4005b0;\x55;push rbp
118;4005b1;\x48\x89\xe5;mov rbp, rsp
119;4005b4;\x88\xd0;mov al, dl
120;4005b6;\x40\x88\xf1;mov cl, sil
121;4005b9;\x41\x88\xf8;mov r8b, dil
122;4005bc;\x44\x88\x45\xf3;mov byte ptr [rbp-0xd], r8b
123;4005c0;\x88\x4d\xf2;mov byte ptr [rbp-0xe], cl
124;4005c3;\x88\x45\xf1;mov byte ptr [rbp-0xf], al
125;4005c6;\x0f\xb6\x55\xf3;movzx edx, byte ptr [rbp-0xd]
126;4005ca;\x89\x55\xf8;mov dword ptr [rbp-0x8], edx
127;4005cd;\x0f\xb6\x55\xf2;movzx edx, byte ptr [rbp-0xe]
128;4005d1;\x0f\xb6\x75\xf1;movzx esi, byte ptr [rbp-0xf]
129;4005d5;\x01\xf2;add edx, esi
130;4005d7;\x89\x55\xfc;mov dword ptr [rbp-0x4], edx
131;4005da;\xc7\x45\xec\xe2\x86\x86\xfa;mov dword ptr [rbp-0x14], 0xfa8686e2
132;4005e1;\x8b\x45\xec;mov eax, dword ptr [rbp-0x14]
133;4005e4;\x89\xc1;mov ecx, eax
134;4005e6;\x81\xe9\xd5\x94\xb1\xb9;sub ecx, 0xb9b194d5
135;4005ec;\x89\x45\xe8;mov dword ptr [rbp-0x18], eax
136;4005ef;\x89\x4d\xe4;mov dword ptr [rbp-0x1c], ecx
137;4005f2;\x0f\x84\x69\x00\x00\x00;jz 0x400661
138;4005f8;\xe9\x00\x00\x00\x00;jmp 0x4005fd
139;4005fd;\x8b\x45\xe8;mov eax, dword ptr [rbp-0x18]
140;400600;\x2d\xe2\x86\x86\xfa;sub eax, 0xfa8686e2
141;400605;\x89\x45\xe0;mov dword ptr [rbp-0x20], eax
142;400608;\x0f\x84\x36\x00\x00\x00;jz 0x400644
143;400644;\xb8\x49\x7a\xf8\x02;mov eax, 0x2f87a49
144;400649;\xb9\xd5\x94\xb1\xb9;mov ecx, 0xb9b194d5
145;40064e;\x8b\x55\xf8;mov edx, dword ptr [rbp-0x8]
146;400651;\x8b\x75\xfc;mov esi, dword ptr [rbp-0x4]
147;400654;\x39\xf2;cmp edx, esi
148;400656;\x0f\x44\xc1;cmovz eax, ecx
149;400659;\x89\x45\xec;mov dword ptr [rbp-0x14], eax
150;40065c;\xe9\x2b\x00\x00\x00;jmp 0x40068c
151;40068c;\xe9\x50\xff\xff\xff;jmp 0x4005e1
152;4005e1;\x8b\x45\xec;mov eax, dword ptr [rbp-0x14]
153;4005e4;\x89\xc1;mov ecx, eax
154;4005e6;\x81\xe9\xd5\x94\xb1\xb9;sub ecx, 0xb9b194d5
155;4005ec;\x89\x45\xe8;mov dword ptr [rbp-0x18], eax
156;4005ef;\x89\x4d\xe4;mov dword ptr [rbp-0x1c], ecx
157;4005f2;\x0f\x84\x69\x00\x00\x00;jz 0x400661
158;400661;\xc7\x45\xf4\x01\x00\x00\x00;mov dword ptr [rbp-0xc], 0x1
159;400668;\xc7\x45\xec\xf3\xc4\x77\x4e;mov dword ptr [rbp-0x14], 0x4e77c4f3
160;40066f;\xe9\x18\x00\x00\x00;jmp 0x40068c
161;40068c;\xe9\x50\xff\xff\xff;jmp 0x4005e1
162;4005e1;\x8b\x45\xec;mov eax, dword ptr [rbp-0x14]
163;4005e4;\x89\xc1;mov ecx, eax
164;4005e6;\x81\xe9\xd5\x94\xb1\xb9;sub ecx, 0xb9b194d5
165;4005ec;\x89\x45\xe8;mov dword ptr [rbp-0x18], eax
166;4005ef;\x89\x4d\xe4;mov dword ptr [rbp-0x1c], ecx
167;4005f2;\x0f\x84\x69\x00\x00\x00;jz 0x400661
168;4005f8;\xe9\x00\x00\x00\x00;jmp 0x4005fd
169;4005fd;\x8b\x45\xe8;mov eax, dword ptr [rbp-0x18]
170;400600;\x2d\xe2\x86\x86\xfa;sub eax, 0xfa8686e2
171;400605;\x89\x45\xe0;mov dword ptr [rbp-0x20], eax
172;400608;\x0f\x84\x36\x00\x00\x00;jz 0x400644
173;40060e;\xe9\x00\x00\x00\x00;jmp 0x400613
174;400613;\x8b\x45\xe8;mov eax, dword ptr [rbp-0x18]
175;400616;\x2d\x49\x7a\xf8\x02;sub eax, 0x2f87a49
176;40061b;\x89\x45\xdc;mov dword ptr [rbp-0x24], eax
177;40061e;\x0f\x84\x50\x00\x00\x00;jz 0x400674
178;400624;\xe9\x00\x00\x00\x00;jmp 0x400629
179;400629;\x8b\x45\xe8;mov eax, dword ptr [rbp-0x18]
180;40062c;\x2d\xf3\xc4\x77\x4e;sub eax, 0x4e77c4f3
181;400631;\x89\x45\xd8;mov dword ptr [rbp-0x28], eax
182;400634;\x0f\x84\x4d\x00\x00\x00;jz 0x400687
183;400687;\x8b\x45\xf4;mov eax, dword ptr [rbp-0xc]
184;40068a;\x5d;pop rbp
185;40068b;\xc3;ret 
186;4006f4;\x48\xbf\xa7\x07\x40\x00\x00\x00\x00\x00;mov rdi, 0x4007a7
187;4006fe;\x89\x45\xf4;mov dword ptr [rbp-0xc], eax
188;400701;\x8b\x75\xf4;mov esi, dword ptr [rbp-0xc]
189;400704;\xb0\x00;mov al, 0x0
190;400706;\xe8\x55\xfd\xff\xff;call 0x400460
191;400460;\xff\x25\xb2\x0b\x20\x00;jmp qword ptr [rip+0x200bb2]
192;400466;\x68\x00\x00\x00\x00;push 0x0
193;40046b;\xe9\xe0\xff\xff\xff;jmp 0x400450
194;400450;\xff\x35\xb2\x0b\x20\x00;push qword ptr [rip+0x200bb2]
195;400456;\xff\x25\xb4\x0b\x20\x00;jmp qword ptr [rip+0x200bb4]
196;40070b;\x31\xd2;xor edx, edx
197;40070d;\x89\x45\xec;mov dword ptr [rbp-0x14], eax
198;400710;\x89\xd0;mov eax, edx
199;400712;\x48\x83\xc4\x20;add rsp, 0x20
200;400716;\x5d;pop rbp
201;400717;\xc3;ret 
202;400530;\x80\x3d\x01\x0b\x20\x00\x00;cmp byte ptr [rip+0x200b01], 0x0
203;400537;\x75\x17;jnz 0x400550
204;400539;\x55;push rbp
205;40053a;\x48\x89\xe5;mov rbp, rsp
206;40053d;\xe8\x7e\xff\xff\xff;call 0x4004c0
207;4004c0;\x55;push rbp
208;4004c1;\xb8\x38\x10\x60\x00;mov eax, 0x601038
209;4004c6;\x48\x3d\x38\x10\x60\x00;cmp rax, 0x601038
210;4004cc;\x48\x89\xe5;mov rbp, rsp
211;4004cf;\x74\x17;jz 0x4004e8
212;4004e8;\x5d;pop rbp
213;4004e9;\xc3;ret 
214;400542;\xc6\x05\xef\x0a\x20\x00\x01;mov byte ptr [rip+0x200aef], 0x1
215;400549;\x5d;pop rbp
216;40054a;\xc3;ret 
217;400794;\x48\x83\xec\x08;sub rsp, 0x8
218;400798;\x48\x83\xc4\x08;add rsp, 0x8
219;40079c;\xc3;ret 
