0;400480;\x31\xed;xor ebp, ebp
1;400482;\x49\x89\xd1;mov r9, rdx
2;400485;\x5e;pop rsi
3;400486;\x48\x89\xe2;mov rdx, rsp
4;400489;\x48\x83\xe4\xf0;and rsp, 0xfffffffffffffff0
5;40048d;\x50;push rax
6;40048e;\x54;push rsp
7;40048f;\x49\xc7\xc0\x00\x07\x40\x00;mov r8, 0x400700
8;400496;\x48\xc7\xc1\x90\x06\x40\x00;mov rcx, 0x400690
9;40049d;\x48\xc7\xc7\x40\x06\x40\x00;mov rdi, 0x400640
10;4004a4;\xff\x15\x46\x0b\x20\x00;call qword ptr [rip+0x200b46]
11;400690;\x41\x57;push r15
12;400692;\x41\x56;push r14
13;400694;\x49\x89\xd7;mov r15, rdx
14;400697;\x41\x55;push r13
15;400699;\x41\x54;push r12
16;40069b;\x4c\x8d\x25\x5e\x07\x20\x00;lea r12, ptr [rip+0x20075e]
17;4006a2;\x55;push rbp
18;4006a3;\x48\x8d\x2d\x5e\x07\x20\x00;lea rbp, ptr [rip+0x20075e]
19;4006aa;\x53;push rbx
20;4006ab;\x41\x89\xfd;mov r13d, edi
21;4006ae;\x49\x89\xf6;mov r14, rsi
22;4006b1;\x4c\x29\xe5;sub rbp, r12
23;4006b4;\x48\x83\xec\x08;sub rsp, 0x8
24;4006b8;\x48\xc1\xfd\x03;sar rbp, 0x3
25;4006bc;\xe8\x6f\xfd\xff\xff;call 0x400430
26;400430;\x48\x83\xec\x08;sub rsp, 0x8
27;400434;\x48\x8b\x05\xbd\x0b\x20\x00;mov rax, qword ptr [rip+0x200bbd]
28;40043b;\x48\x85\xc0;test rax, rax
29;40043e;\x74\x02;jz 0x400442
30;400442;\x48\x83\xc4\x08;add rsp, 0x8
31;400446;\xc3;ret 
32;4006c1;\x48\x85\xed;test rbp, rbp
33;4006c4;\x74\x20;jz 0x4006e6
34;4006c6;\x31\xdb;xor ebx, ebx
35;4006c8;\x0f\x1f\x84\x00\x00\x00\x00\x00;nop dword ptr [rax+rax*1], eax
36;4006d0;\x4c\x89\xfa;mov rdx, r15
37;4006d3;\x4c\x89\xf6;mov rsi, r14
38;4006d6;\x44\x89\xef;mov edi, r13d
39;4006d9;\x41\xff\x14\xdc;call qword ptr [r12+rbx*8]
40;400560;\x55;push rbp
41;400561;\x48\x89\xe5;mov rbp, rsp
42;400564;\x5d;pop rbp
43;400565;\xeb\x89;jmp 0x4004f0
44;4004f0;\xbe\x38\x10\x60\x00;mov esi, 0x601038
45;4004f5;\x55;push rbp
46;4004f6;\x48\x81\xee\x38\x10\x60\x00;sub rsi, 0x601038
47;4004fd;\x48\x89\xe5;mov rbp, rsp
48;400500;\x48\xc1\xfe\x03;sar rsi, 0x3
49;400504;\x48\x89\xf0;mov rax, rsi
50;400507;\x48\xc1\xe8\x3f;shr rax, 0x3f
51;40050b;\x48\x01\xc6;add rsi, rax
52;40050e;\x48\xd1\xfe;sar rsi, 0x1
53;400511;\x74\x15;jz 0x400528
54;400528;\x5d;pop rbp
55;400529;\xc3;ret 
56;4006dd;\x48\x83\xc3\x01;add rbx, 0x1
57;4006e1;\x48\x39\xdd;cmp rbp, rbx
58;4006e4;\x75\xea;jnz 0x4006d0
59;4006e6;\x48\x83\xc4\x08;add rsp, 0x8
60;4006ea;\x5b;pop rbx
61;4006eb;\x5d;pop rbp
62;4006ec;\x41\x5c;pop r12
63;4006ee;\x41\x5d;pop r13
64;4006f0;\x41\x5e;pop r14
65;4006f2;\x41\x5f;pop r15
66;4006f4;\xc3;ret 
67;400640;\x55;push rbp
68;400641;\x48\x89\xe5;mov rbp, rsp
69;400644;\x48\x83\xec\x10;sub rsp, 0x10
70;400648;\x48\xbf\x14\x07\x40\x00\x00\x00\x00\x00;mov rdi, 0x400714
71;400652;\x48\x8d\x75\xf8;lea rsi, ptr [rbp-0x8]
72;400656;\xc7\x45\xfc\x00\x00\x00\x00;mov dword ptr [rbp-0x4], 0x0
73;40065d;\xb0\x00;mov al, 0x0
74;40065f;\xe8\x0c\xfe\xff\xff;call 0x400470
75;400470;\xff\x25\xaa\x0b\x20\x00;jmp qword ptr [rip+0x200baa]
76;400476;\x68\x01\x00\x00\x00;push 0x1
77;40047b;\xe9\xd0\xff\xff\xff;jmp 0x400450
78;400450;\xff\x35\xb2\x0b\x20\x00;push qword ptr [rip+0x200bb2]
79;400456;\xff\x25\xb4\x0b\x20\x00;jmp qword ptr [rip+0x200bb4]
80;400664;\x8b\x7d\xf8;mov edi, dword ptr [rbp-0x8]
81;400667;\x89\x45\xf4;mov dword ptr [rbp-0xc], eax
82;40066a;\xe8\x01\xff\xff\xff;call 0x400570
83;400570;\x55;push rbp
84;400571;\x48\x89\xe5;mov rbp, rsp
85;400574;\x89\x7d\xf0;mov dword ptr [rbp-0x10], edi
86;400577;\x48\x63\x45\xf0;movsxd rax, dword ptr [rbp-0x10]
87;40057b;\x48\x89\x45\xf8;mov qword ptr [rbp-0x8], rax
88;40057f;\xc7\x45\xec\x29\x1c\x7f\x2c;mov dword ptr [rbp-0x14], 0x2c7f1c29
89;400586;\x8b\x45\xec;mov eax, dword ptr [rbp-0x14]
90;400589;\x89\xc1;mov ecx, eax
91;40058b;\x81\xe9\x35\x4c\x15\xad;sub ecx, 0xad154c35
92;400591;\x89\x45\xe8;mov dword ptr [rbp-0x18], eax
93;400594;\x89\x4d\xe4;mov dword ptr [rbp-0x1c], ecx
94;400597;\x0f\x84\x69\x00\x00\x00;jz 0x400606
95;40059d;\xe9\x00\x00\x00\x00;jmp 0x4005a2
96;4005a2;\x8b\x45\xe8;mov eax, dword ptr [rbp-0x18]
97;4005a5;\x2d\xc3\x09\x22\xdf;sub eax, 0xdf2209c3
98;4005aa;\x89\x45\xe0;mov dword ptr [rbp-0x20], eax
99;4005ad;\x0f\x84\x79\x00\x00\x00;jz 0x40062c
100;4005b3;\xe9\x00\x00\x00\x00;jmp 0x4005b8
101;4005b8;\x8b\x45\xe8;mov eax, dword ptr [rbp-0x18]
102;4005bb;\x2d\xa8\x13\x1b\x2a;sub eax, 0x2a1b13a8
103;4005c0;\x89\x45\xdc;mov dword ptr [rbp-0x24], eax
104;4005c3;\x0f\x84\x50\x00\x00\x00;jz 0x400619
105;4005c9;\xe9\x00\x00\x00\x00;jmp 0x4005ce
106;4005ce;\x8b\x45\xe8;mov eax, dword ptr [rbp-0x18]
107;4005d1;\x2d\x29\x1c\x7f\x2c;sub eax, 0x2c7f1c29
108;4005d6;\x89\x45\xd8;mov dword ptr [rbp-0x28], eax
109;4005d9;\x0f\x84\x0a\x00\x00\x00;jz 0x4005e9
110;4005e9;\xb8\xa8\x13\x1b\x2a;mov eax, 0x2a1b13a8
111;4005ee;\xb9\x35\x4c\x15\xad;mov ecx, 0xad154c35
112;4005f3;\x48\x8b\x55\xf8;mov rdx, qword ptr [rbp-0x8]
113;4005f7;\x48\x83\xfa\x00;cmp rdx, 0x0
114;4005fb;\x0f\x44\xc1;cmovz eax, ecx
115;4005fe;\x89\x45\xec;mov dword ptr [rbp-0x14], eax
116;400601;\xe9\x2b\x00\x00\x00;jmp 0x400631
117;400631;\xe9\x50\xff\xff\xff;jmp 0x400586
118;400586;\x8b\x45\xec;mov eax, dword ptr [rbp-0x14]
119;400589;\x89\xc1;mov ecx, eax
120;40058b;\x81\xe9\x35\x4c\x15\xad;sub ecx, 0xad154c35
121;400591;\x89\x45\xe8;mov dword ptr [rbp-0x18], eax
122;400594;\x89\x4d\xe4;mov dword ptr [rbp-0x1c], ecx
123;400597;\x0f\x84\x69\x00\x00\x00;jz 0x400606
124;40059d;\xe9\x00\x00\x00\x00;jmp 0x4005a2
125;4005a2;\x8b\x45\xe8;mov eax, dword ptr [rbp-0x18]
126;4005a5;\x2d\xc3\x09\x22\xdf;sub eax, 0xdf2209c3
127;4005aa;\x89\x45\xe0;mov dword ptr [rbp-0x20], eax
128;4005ad;\x0f\x84\x79\x00\x00\x00;jz 0x40062c
129;4005b3;\xe9\x00\x00\x00\x00;jmp 0x4005b8
130;4005b8;\x8b\x45\xe8;mov eax, dword ptr [rbp-0x18]
131;4005bb;\x2d\xa8\x13\x1b\x2a;sub eax, 0x2a1b13a8
132;4005c0;\x89\x45\xdc;mov dword ptr [rbp-0x24], eax
133;4005c3;\x0f\x84\x50\x00\x00\x00;jz 0x400619
134;400619;\xc7\x45\xf4\x01\x00\x00\x00;mov dword ptr [rbp-0xc], 0x1
135;400620;\xc7\x45\xec\xc3\x09\x22\xdf;mov dword ptr [rbp-0x14], 0xdf2209c3
136;400627;\xe9\x05\x00\x00\x00;jmp 0x400631
137;400631;\xe9\x50\xff\xff\xff;jmp 0x400586
138;400586;\x8b\x45\xec;mov eax, dword ptr [rbp-0x14]
139;400589;\x89\xc1;mov ecx, eax
140;40058b;\x81\xe9\x35\x4c\x15\xad;sub ecx, 0xad154c35
141;400591;\x89\x45\xe8;mov dword ptr [rbp-0x18], eax
142;400594;\x89\x4d\xe4;mov dword ptr [rbp-0x1c], ecx
143;400597;\x0f\x84\x69\x00\x00\x00;jz 0x400606
144;40059d;\xe9\x00\x00\x00\x00;jmp 0x4005a2
145;4005a2;\x8b\x45\xe8;mov eax, dword ptr [rbp-0x18]
146;4005a5;\x2d\xc3\x09\x22\xdf;sub eax, 0xdf2209c3
147;4005aa;\x89\x45\xe0;mov dword ptr [rbp-0x20], eax
148;4005ad;\x0f\x84\x79\x00\x00\x00;jz 0x40062c
149;40062c;\x8b\x45\xf4;mov eax, dword ptr [rbp-0xc]
150;40062f;\x5d;pop rbp
151;400630;\xc3;ret 
152;40066f;\x48\xbf\x17\x07\x40\x00\x00\x00\x00\x00;mov rdi, 0x400717
153;400679;\x89\xc6;mov esi, eax
154;40067b;\xb0\x00;mov al, 0x0
155;40067d;\xe8\xde\xfd\xff\xff;call 0x400460
156;400460;\xff\x25\xb2\x0b\x20\x00;jmp qword ptr [rip+0x200bb2]
157;400466;\x68\x00\x00\x00\x00;push 0x0
158;40046b;\xe9\xe0\xff\xff\xff;jmp 0x400450
159;400450;\xff\x35\xb2\x0b\x20\x00;push qword ptr [rip+0x200bb2]
160;400456;\xff\x25\xb4\x0b\x20\x00;jmp qword ptr [rip+0x200bb4]
161;400682;\x31\xf6;xor esi, esi
162;400684;\x89\x45\xf0;mov dword ptr [rbp-0x10], eax
163;400687;\x89\xf0;mov eax, esi
164;400689;\x48\x83\xc4\x10;add rsp, 0x10
165;40068d;\x5d;pop rbp
166;40068e;\xc3;ret 
167;400530;\x80\x3d\x01\x0b\x20\x00\x00;cmp byte ptr [rip+0x200b01], 0x0
168;400537;\x75\x17;jnz 0x400550
169;400539;\x55;push rbp
170;40053a;\x48\x89\xe5;mov rbp, rsp
171;40053d;\xe8\x7e\xff\xff\xff;call 0x4004c0
172;4004c0;\x55;push rbp
173;4004c1;\xb8\x38\x10\x60\x00;mov eax, 0x601038
174;4004c6;\x48\x3d\x38\x10\x60\x00;cmp rax, 0x601038
175;4004cc;\x48\x89\xe5;mov rbp, rsp
176;4004cf;\x74\x17;jz 0x4004e8
177;4004e8;\x5d;pop rbp
178;4004e9;\xc3;ret 
179;400542;\xc6\x05\xef\x0a\x20\x00\x01;mov byte ptr [rip+0x200aef], 0x1
180;400549;\x5d;pop rbp
181;40054a;\xc3;ret 
182;400704;\x48\x83\xec\x08;sub rsp, 0x8
183;400708;\x48\x83\xc4\x08;add rsp, 0x8
184;40070c;\xc3;ret 
