0;4004a0;\x31\xed;xor ebp, ebp
1;4004a2;\x49\x89\xd1;mov r9, rdx
2;4004a5;\x5e;pop rsi
3;4004a6;\x48\x89\xe2;mov rdx, rsp
4;4004a9;\x48\x83\xe4\xf0;and rsp, 0xfffffffffffffff0
5;4004ad;\x50;push rax
6;4004ae;\x54;push rsp
7;4004af;\x49\xc7\xc0\x90\x06\x40\x00;mov r8, 0x400690
8;4004b6;\x48\xc7\xc1\x20\x06\x40\x00;mov rcx, 0x400620
9;4004bd;\x48\xc7\xc7\xd2\x05\x40\x00;mov rdi, 0x4005d2
10;4004c4;\xff\x15\x26\x0b\x20\x00;call qword ptr [rip+0x200b26]
11;400620;\x41\x57;push r15
12;400622;\x41\x56;push r14
13;400624;\x49\x89\xd7;mov r15, rdx
14;400627;\x41\x55;push r13
15;400629;\x41\x54;push r12
16;40062b;\x4c\x8d\x25\xb6\x07\x20\x00;lea r12, ptr [rip+0x2007b6]
17;400632;\x55;push rbp
18;400633;\x48\x8d\x2d\xb6\x07\x20\x00;lea rbp, ptr [rip+0x2007b6]
19;40063a;\x53;push rbx
20;40063b;\x41\x89\xfd;mov r13d, edi
21;40063e;\x49\x89\xf6;mov r14, rsi
22;400641;\x4c\x29\xe5;sub rbp, r12
23;400644;\x48\x83\xec\x08;sub rsp, 0x8
24;400648;\x48\xc1\xfd\x03;sar rbp, 0x3
25;40064c;\xe8\x07\xfe\xff\xff;call 0x400458
26;400458;\x48\x83\xec\x08;sub rsp, 0x8
27;40045c;\x48\x8b\x05\x95\x0b\x20\x00;mov rax, qword ptr [rip+0x200b95]
28;400463;\x48\x85\xc0;test rax, rax
29;400466;\x74\x02;jz 0x40046a
30;40046a;\x48\x83\xc4\x08;add rsp, 0x8
31;40046e;\xc3;ret 
32;400651;\x48\x85\xed;test rbp, rbp
33;400654;\x74\x20;jz 0x400676
34;400656;\x31\xdb;xor ebx, ebx
35;400658;\x0f\x1f\x84\x00\x00\x00\x00\x00;nop dword ptr [rax+rax*1], eax
36;400660;\x4c\x89\xfa;mov rdx, r15
37;400663;\x4c\x89\xf6;mov rsi, r14
38;400666;\x44\x89\xef;mov edi, r13d
39;400669;\x41\xff\x14\xdc;call qword ptr [r12+rbx*8]
40;40066d;\x48\x83\xc3\x01;add rbx, 0x1
41;400671;\x48\x39\xdd;cmp rbp, rbx
42;400674;\x75\xea;jnz 0x400660
43;400676;\x48\x83\xc4\x08;add rsp, 0x8
44;40067a;\x5b;pop rbx
45;40067b;\x5d;pop rbp
46;40067c;\x41\x5c;pop r12
47;40067e;\x41\x5d;pop r13
48;400680;\x41\x5e;pop r14
49;400682;\x41\x5f;pop r15
50;400684;\xc3;ret 
51;4005d2;\x55;push rbp
52;4005d3;\x48\x89\xe5;mov rbp, rsp
53;4005d6;\x48\x83\xec\x10;sub rsp, 0x10
54;4005da;\x48\x8d\x45\xf8;lea rax, ptr [rbp-0x8]
55;4005de;\x48\x89\xc6;mov rsi, rax
56;4005e1;\xbf\xa4\x06\x40\x00;mov edi, 0x4006a4
57;4005e6;\xb8\x00\x00\x00\x00;mov eax, 0x0
58;4005eb;\xe8\xa0\xfe\xff\xff;call 0x400490
59;400490;\xff\x25\x8a\x0b\x20\x00;jmp qword ptr [rip+0x200b8a]
60;400496;\x68\x01\x00\x00\x00;push 0x1
61;40049b;\xe9\xd0\xff\xff\xff;jmp 0x400470
62;400470;\xff\x35\x92\x0b\x20\x00;push qword ptr [rip+0x200b92]
63;400476;\xff\x25\x94\x0b\x20\x00;jmp qword ptr [rip+0x200b94]
64;4005f0;\x8b\x45\xf8;mov eax, dword ptr [rbp-0x8]
65;4005f3;\x89\xc7;mov edi, eax
66;4005f5;\xe8\xac\xff\xff\xff;call 0x4005a6
67;4005a6;\x55;push rbp
68;4005a7;\x48\x89\xe5;mov rbp, rsp
69;4005aa;\x89\x7d\xec;mov dword ptr [rbp-0x14], edi
70;4005ad;\x8b\x45\xec;mov eax, dword ptr [rbp-0x14]
71;4005b0;\x0f\xaf\x45\xec;imul eax, dword ptr [rbp-0x14]
72;4005b4;\x89\x45\xfc;mov dword ptr [rbp-0x4], eax
73;4005b7;\x8b\x45\xfc;mov eax, dword ptr [rbp-0x4]
74;4005ba;\x2b\x45\xec;sub eax, dword ptr [rbp-0x14]
75;4005bd;\x83\xe0\x01;and eax, 0x1
76;4005c0;\x85\xc0;test eax, eax
77;4005c2;\x75\x07;jnz 0x4005cb
78;4005c4;\xb8\x01\x00\x00\x00;mov eax, 0x1
79;4005c9;\xeb\x05;jmp 0x4005d0
80;4005d0;\x5d;pop rbp
81;4005d1;\xc3;ret 
82;4005fa;\x89\x45\xfc;mov dword ptr [rbp-0x4], eax
83;4005fd;\x8b\x45\xfc;mov eax, dword ptr [rbp-0x4]
84;400600;\x89\xc6;mov esi, eax
85;400602;\xbf\xa7\x06\x40\x00;mov edi, 0x4006a7
86;400607;\xb8\x00\x00\x00\x00;mov eax, 0x0
87;40060c;\xe8\x6f\xfe\xff\xff;call 0x400480
88;400480;\xff\x25\x92\x0b\x20\x00;jmp qword ptr [rip+0x200b92]
89;400486;\x68\x00\x00\x00\x00;push 0x0
90;40048b;\xe9\xe0\xff\xff\xff;jmp 0x400470
91;400470;\xff\x35\x92\x0b\x20\x00;push qword ptr [rip+0x200b92]
92;400476;\xff\x25\x94\x0b\x20\x00;jmp qword ptr [rip+0x200b94]
93;400611;\xb8\x00\x00\x00\x00;mov eax, 0x0
94;400616;\xc9;leave 
95;400617;\xc3;ret 
96;400694;\x48\x83\xec\x08;sub rsp, 0x8
97;400698;\x48\x83\xc4\x08;add rsp, 0x8
98;40069c;\xc3;ret 
